<?xml version="1.0" encoding="UTF-8"?>
<!-- Generated by org.testng.reporters.JUnitReportReporter -->
<testsuite hostname="LAPTOP-RU84SS0R" failures="0" tests="3" name="InterviewPracticle.InterviewPracticle.priority" time="12.223" errors="0" timestamp="2023-05-03T13:03:15 IST" skipped="0">
  <testcase classname="InterviewPracticle.InterviewPracticle.priority" name="methodinbetween" time="1.844"/>
  <system-out/>
  <testcase classname="InterviewPracticle.InterviewPracticle.priority" name="method2" time="5.353"/>
  <system-out/>
  <testcase classname="InterviewPracticle.InterviewPracticle.priority" name="method1" time="5.026"/>
  <system-out/>
</testsuite> <!-- InterviewPracticle.InterviewPracticle.priority -->
