<?xml version="1.0" encoding="UTF-8"?>
<!-- Generated by org.testng.reporters.JUnitReportReporter -->
<testsuite hostname="LAPTOP-RU84SS0R" failures="0" tests="1" name="sample.TestSample" time="7.201" errors="0" timestamp="2023-06-02T15:47:18 IST" skipped="0">
  <testcase classname="sample.TestSample" name="setup" time="7.201"/>
  <system-out/>
</testsuite> <!-- sample.TestSample -->
